<?xml version="1.0" encoding="UTF-8"?>
<testsuite name="com.rustam.warehouse.service.ProductServiceImplTest" tests="1" skipped="0" failures="1" errors="0" timestamp="2025-08-18T13:19:02.590Z" hostname="MacBook-Air-rustam.local" time="0.429">
  <properties/>
  <testcase name="testFindProdByID()" classname="com.rustam.warehouse.service.ProductServiceImplTest" time="0.429">
    <failure message="java.lang.AssertionError: &#10;Expecting actual not to be null" type="java.lang.AssertionError">java.lang.AssertionError: 
Expecting actual not to be null
	at com.rustam.warehouse.service.ProductServiceImplTest.testFindProdByID(ProductServiceImplTest.java:45)
	at java.base/java.lang.reflect.Method.invoke(Method.java:580)
	at java.base/java.util.ArrayList.forEach(ArrayList.java:1596)
	at java.base/java.util.ArrayList.forEach(ArrayList.java:1596)
</failure>
  </testcase>
  <system-out><![CDATA[Standard Commons Logging discovery in action with spring-jcl: please remove commons-logging.jar from classpath in order to avoid potential conflicts
16:18:59.155 [Test worker] INFO org.springframework.test.context.support.AnnotationConfigContextLoaderUtils -- Could not detect default configuration classes for test class [com.rustam.warehouse.service.ProductServiceImplTest]: ProductServiceImplTest does not declare any static, non-private, non-final, nested classes annotated with @Configuration.
16:18:59.225 [Test worker] INFO org.springframework.boot.test.context.SpringBootTestContextBootstrapper -- Found @SpringBootConfiguration com.rustam.warehouse.WarehouseSystemApplication for test class com.rustam.warehouse.service.ProductServiceImplTest

  .   ____          _            __ _ _
 /\\ / ___'_ __ _ _(_)_ __  __ _ \ \ \ \
( ( )\___ | '_ | '_| | '_ \/ _` | \ \ \ \
 \\/  ___)| |_)| | | | | || (_| |  ) ) ) )
  '  |____| .__|_| |_|_| |_\__, | / / / /
 =========|_|==============|___/=/_/_/_/

 :: Spring Boot ::                (v3.5.4)

2025-08-18T16:18:59.474+03:00  INFO 10641 --- [warehouse System] [    Test worker] c.r.w.service.ProductServiceImplTest     : Starting ProductServiceImplTest using Java 21.0.4 with PID 10641 (started by rustam in /Users/rustam/Documents/programming/Warehouse-Order-Distribution-System)
2025-08-18T16:18:59.475+03:00  INFO 10641 --- [warehouse System] [    Test worker] c.r.w.service.ProductServiceImplTest     : No active profile set, falling back to 1 default profile: "default"
2025-08-18T16:19:00.126+03:00  INFO 10641 --- [warehouse System] [    Test worker] .s.d.r.c.RepositoryConfigurationDelegate : Bootstrapping Spring Data JPA repositories in DEFAULT mode.
2025-08-18T16:19:00.168+03:00  INFO 10641 --- [warehouse System] [    Test worker] .s.d.r.c.RepositoryConfigurationDelegate : Finished Spring Data repository scanning in 35 ms. Found 7 JPA repository interfaces.
2025-08-18T16:19:00.464+03:00  INFO 10641 --- [warehouse System] [    Test worker] com.zaxxer.hikari.HikariDataSource       : HikariPool-1 - Starting...
2025-08-18T16:19:00.586+03:00  INFO 10641 --- [warehouse System] [    Test worker] com.zaxxer.hikari.pool.HikariPool        : HikariPool-1 - Added connection org.postgresql.jdbc.PgConnection@1d7f2f0a
2025-08-18T16:19:00.587+03:00  INFO 10641 --- [warehouse System] [    Test worker] com.zaxxer.hikari.HikariDataSource       : HikariPool-1 - Start completed.
2025-08-18T16:19:00.616+03:00  INFO 10641 --- [warehouse System] [    Test worker] org.flywaydb.core.FlywayExecutor         : Database: jdbc:postgresql://localhost:5432/warehouse_db (PostgreSQL 14.18)
2025-08-18T16:19:00.668+03:00  INFO 10641 --- [warehouse System] [    Test worker] o.f.core.internal.command.DbValidate     : Successfully validated 2 migrations (execution time 00:00.027s)
2025-08-18T16:19:00.686+03:00  INFO 10641 --- [warehouse System] [    Test worker] o.f.core.internal.command.DbMigrate      : Current version of schema "public": 2
2025-08-18T16:19:00.689+03:00  INFO 10641 --- [warehouse System] [    Test worker] o.f.core.internal.command.DbMigrate      : Schema "public" is up to date. No migration necessary.
2025-08-18T16:19:00.757+03:00  INFO 10641 --- [warehouse System] [    Test worker] o.hibernate.jpa.internal.util.LogHelper  : HHH000204: Processing PersistenceUnitInfo [name: default]
2025-08-18T16:19:00.793+03:00  INFO 10641 --- [warehouse System] [    Test worker] org.hibernate.Version                    : HHH000412: Hibernate ORM core version 6.6.22.Final
2025-08-18T16:19:00.817+03:00  INFO 10641 --- [warehouse System] [    Test worker] o.h.c.internal.RegionFactoryInitiator    : HHH000026: Second-level cache disabled
2025-08-18T16:19:00.981+03:00  INFO 10641 --- [warehouse System] [    Test worker] o.s.o.j.p.SpringPersistenceUnitInfo      : No LoadTimeWeaver setup: ignoring JPA class transformer
2025-08-18T16:19:01.035+03:00  INFO 10641 --- [warehouse System] [    Test worker] org.hibernate.orm.connections.pooling    : HHH10001005: Database info:
	Database JDBC URL [Connecting through datasource 'HikariDataSource (HikariPool-1)']
	Database driver: undefined/unknown
	Database version: 14.18
	Autocommit mode: undefined/unknown
	Isolation level: undefined/unknown
	Minimum pool size: undefined/unknown
	Maximum pool size: undefined/unknown
2025-08-18T16:19:01.610+03:00  INFO 10641 --- [warehouse System] [    Test worker] o.h.e.t.j.p.i.JtaPlatformInitiator       : HHH000489: No JTA platform available (set 'hibernate.transaction.jta.platform' to enable JTA platform integration)
2025-08-18T16:19:01.612+03:00  INFO 10641 --- [warehouse System] [    Test worker] j.LocalContainerEntityManagerFactoryBean : Initialized JPA EntityManagerFactory for persistence unit 'default'
2025-08-18T16:19:01.820+03:00  WARN 10641 --- [warehouse System] [    Test worker] JpaBaseConfiguration$JpaWebConfiguration : spring.jpa.open-in-view is enabled by default. Therefore, database queries may be performed during view rendering. Explicitly configure spring.jpa.open-in-view to disable this warning
2025-08-18T16:19:02.158+03:00  INFO 10641 --- [warehouse System] [    Test worker] o.s.b.a.e.web.EndpointLinksResolver      : Exposing 1 endpoint beneath base path '/actuator'
2025-08-18T16:19:02.224+03:00  INFO 10641 --- [warehouse System] [    Test worker] c.r.w.service.ProductServiceImplTest     : Started ProductServiceImplTest in 2.918 seconds (process running for 3.659)
Hibernate: 
    select
        count(*) 
    from
        stores s1_0
Hibernate: 
    select
        c1_0.id,
        c1_0.name 
    from
        categories c1_0 
    where
        c1_0.id=?
Hibernate: 
    select
        p1_0.id,
        c1_0.id,
        c1_0.name,
        p1_0.name,
        p1_0.volume,
        p1_0.weight 
    from
        products p1_0 
    left join
        categories c1_0 
            on c1_0.id=p1_0.category_id 
    where
        p1_0.id=?
2025-08-18T16:19:03.014+03:00  INFO 10641 --- [warehouse System] [    Test worker] o.h.c.spi.AbstractPersistentCollection   : HHH000496: Detaching an uninitialized collection with queued operations from a session: [com.rustam.warehouse.entities.Category.listOfProduct#1]
]]></system-out>
  <system-err><![CDATA[Skip load
Mockito is currently self-attaching to enable the inline-mock-maker. This will no longer work in future releases of the JDK. Please add Mockito as an agent to your build as described in Mockito's documentation: https://javadoc.io/doc/org.mockito/mockito-core/latest/org.mockito/org/mockito/Mockito.html#0.3
WARNING: A Java agent has been loaded dynamically (/Users/rustam/.gradle/caches/modules-2/files-2.1/net.bytebuddy/byte-buddy-agent/1.17.6/17b32fd9f57deef02842f7f05abc4ad8127fe34e/byte-buddy-agent-1.17.6.jar)
WARNING: If a serviceability tool is in use, please run with -XX:+EnableDynamicAgentLoading to hide this warning
WARNING: If a serviceability tool is not in use, please run with -Djdk.instrument.traceUsage for more information
WARNING: Dynamic loading of agents will be disallowed by default in a future release
]]></system-err>
</testsuite>
